<?xml version="1.0" encoding="UTF-8"?>
<testng-results skipped="0" failed="0" total="1" passed="1">
  <reporter-output>
  </reporter-output>
  <suite name="suite" duration-ms="9202" started-at="2019-06-10T10:45:19Z" finished-at="2019-06-10T10:45:28Z">
    <groups>
      <group name="cucumber">
        <method signature="AbstractTestNGCucumberTests.feature(cucumber.api.testng.CucumberFeatureWrapper)[pri:0, instance:cucumberOptions.TestRunner@458ad742]" name="feature" class="cucumber.api.testng.AbstractTestNGCucumberTests"/>
      </group> <!-- cucumber -->
    </groups>
    <test name="Verify Vehicle Exists" duration-ms="9202" started-at="2019-06-10T10:45:19Z" finished-at="2019-06-10T10:45:28Z">
      <class name="cucumberOptions.TestRunner">
        <test-method status="PASS" signature="setUpClass()[pri:0, instance:cucumberOptions.TestRunner@458ad742]" name="setUpClass" is-config="true" duration-ms="256" started-at="2019-06-10T11:45:19Z" finished-at="2019-06-10T11:45:19Z">
          <reporter-output>
          </reporter-output>
        </test-method> <!-- setUpClass -->
        <test-method status="PASS" signature="feature(cucumber.api.testng.CucumberFeatureWrapper)[pri:0, instance:cucumberOptions.TestRunner@458ad742]" name="feature" duration-ms="8861" started-at="2019-06-10T11:45:19Z" description="Runs Cucumber Feature" data-provider="features" finished-at="2019-06-10T11:45:28Z">
          <params>
            <param index="0">
              <value>
                <![CDATA[Check vehicle existence]]>
              </value>
            </param>
          </params>
          <reporter-output>
          </reporter-output>
        </test-method> <!-- feature -->
        <test-method status="PASS" signature="tearDownClass()[pri:0, instance:cucumberOptions.TestRunner@458ad742]" name="tearDownClass" is-config="true" duration-ms="2" started-at="2019-06-10T11:45:28Z" finished-at="2019-06-10T11:45:28Z">
          <reporter-output>
          </reporter-output>
        </test-method> <!-- tearDownClass -->
      </class> <!-- cucumberOptions.TestRunner -->
    </test> <!-- Verify Vehicle Exists -->
  </suite> <!-- suite -->
</testng-results>
